08:25:43 **** Incremental Build of configuration Debug for project SegundoParcial ****
Info: Internal Builder is used for build
gcc -O0 -g3 -Wall -c -fmessage-length=0 -o "src\\Controller.o" "..\\src\\Controller.c" 
gcc -O0 -g3 -Wall -c -fmessage-length=0 -o "src\\book.o" "..\\src\\book.c" 
gcc -o SegundoParcial.exe "src\\Controller.o" "src\\LinkedList.o" "src\\Menu.o" "src\\Parser.o" "src\\book.o" "src\\main.o" "src\\utn.o" 
Info: Nothing to build for SegundoParcial
Info: Nothing to build for SegundoParcial
08:33:34 **** Incremental Build of configuration Debug for project SegundoParcial ****
Info: Internal Builder is used for build
gcc -O0 -g3 -Wall -c -fmessage-length=0 -o "src\\book.o" "..\\src\\book.c" 
..\src\book.c: In function 'eBook_setTitulo':
..\src\book.c:70:9: error: too few arguments to function 'isValidNombre'
      if(isValidNombre(titulo))
         ^~~~~~~~~~~~~
..\src\book.c:2:12: note: declared here
 static int isValidNombre(char* cadena,int longitud);
            ^~~~~~~~~~~~~
08:37:50 **** Incremental Build of configuration Debug for project SegundoParcial ****
Info: Internal Builder is used for build
gcc -O0 -g3 -Wall -c -fmessage-length=0 -o "src\\book.o" "..\\src\\book.c" 
gcc -o SegundoParcial.exe "src\\Controller.o" "src\\LinkedList.o" "src\\Menu.o" "src\\Parser.o" "src\\book.o" "src\\main.o" "src\\utn.o" 
Info: Nothing to build for SegundoParcial
Info: Nothing to build for SegundoParcial
08:39:49 **** Incremental Build of configuration Debug for project SegundoParcial ****
Info: Internal Builder is used for build
gcc -O0 -g3 -Wall -c -fmessage-length=0 -o "src\\Menu.o" "..\\src\\Menu.c" 
gcc -O0 -g3 -Wall -c -fmessage-length=0 -o "src\\main.o" "..\\src\\main.c" 
gcc -O0 -g3 -Wall -c -fmessage-length=0 -o "src\\Controller.o" "..\\src\\Controller.c" 
gcc -O0 -g3 -Wall -c -fmessage-length=0 -o "src\\Parser.o" "..\\src\\Parser.c" 
gcc -O0 -g3 -Wall -c -fmessage-length=0 -o "src\\utn.o" "..\\src\\utn.c" 
gcc -O0 -g3 -Wall -c -fmessage-length=0 -o "src\\book.o" "..\\src\\book.c" 
gcc -o SegundoParcial.exe "src\\Controller.o" "src\\LinkedList.o" "src\\Menu.o" "src\\Parser.o" "src\\book.o" "src\\main.o" "src\\utn.o" 
Info: Nothing to build for SegundoParcial
08:43:33 **** Incremental Build of configuration Debug for project SegundoParcial ****
Info: Internal Builder is used for build
gcc -O0 -g3 -Wall -c -fmessage-length=0 -o "src\\book.o" "..\\src\\book.c" 
gcc -O0 -g3 -Wall -c -fmessage-length=0 -o "src\\utn.o" "..\\src\\utn.c" 
gcc -O0 -g3 -Wall -c -fmessage-length=0 -o "src\\main.o" "..\\src\\main.c" 
gcc -O0 -g3 -Wall -c -fmessage-length=0 -o "src\\Parser.o" "..\\src\\Parser.c" 
gcc -O0 -g3 -Wall -c -fmessage-length=0 -o "src\\Menu.o" "..\\src\\Menu.c" 
gcc -O0 -g3 -Wall -c -fmessage-length=0 -o "src\\Controller.o" "..\\src\\Controller.c" 
gcc -o SegundoParcial.exe "src\\Controller.o" "src\\LinkedList.o" "src\\Menu.o" "src\\Parser.o" "src\\book.o" "src\\main.o" "src\\utn.o" 
Info: Nothing to build for SegundoParcial
08:52:19 **** Incremental Build of configuration Debug for project SegundoParcial ****
Info: Internal Builder is used for build
gcc -O0 -g3 -Wall -c -fmessage-length=0 -o "src\\book.o" "..\\src\\book.c" 
gcc -o SegundoParcial.exe "src\\Controller.o" "src\\LinkedList.o" "src\\Menu.o" "src\\Parser.o" "src\\book.o" "src\\main.o" "src\\utn.o" 
Info: Nothing to build for SegundoParcial
08:53:23 **** Incremental Build of configuration Debug for project SegundoParcial ****
Info: Internal Builder is used for build
gcc -O0 -g3 -Wall -c -fmessage-length=0 -o "src\\book.o" "..\\src\\book.c" 
gcc -o SegundoParcial.exe "src\\Controller.o" "src\\LinkedList.o" "src\\Menu.o" "src\\Parser.o" "src\\book.o" "src\\main.o" "src\\utn.o" 
Info: Nothing to build for SegundoParcial
11:37:49 **** Incremental Build of configuration Debug for project SegundoParcial ****
Info: Internal Builder is used for build
gcc -O0 -g3 -Wall -c -fmessage-length=0 -o "src\\LinkedList.o" "..\\src\\LinkedList.c" 
gcc -O0 -g3 -Wall -c -fmessage-length=0 -o "src\\Menu.o" "..\\src\\Menu.c" 
gcc -O0 -g3 -Wall -c -fmessage-length=0 -o "src\\book.o" "..\\src\\book.c" 
..\src\book.c: In function 'eBook_setEditorial':
..\src\book.c:139:16: warning: passing argument 1 of 'strcpy' makes pointer from integer without a cast [-Wint-conversion]
         strcpy(this->editorial, editorial);
                ^~~~
In file included from ..\src\book.h:12:0,
                 from ..\src\book.c:1:
c:\mingw\include\string.h:79:40: note: expected 'char *' but argument is of type 'int'
 _CRTIMP __cdecl __MINGW_NOTHROW  char *strcpy (char *, const char *);
                                        ^~~~~~
..\src\book.c: In function 'eBook_getEditorial':
..\src\book.c:151:27: warning: passing argument 2 of 'strcpy' makes pointer from integer without a cast [-Wint-conversion]
         strcpy(editorial, this->editorial);
                           ^~~~
In file included from ..\src\book.h:12:0,
                 from ..\src\book.c:1:
c:\mingw\include\string.h:79:40: note: expected 'const char *' but argument is of type 'int'
 _CRTIMP __cdecl __MINGW_NOTHROW  char *strcpy (char *, const char *);
                                        ^~~~~~
gcc -O0 -g3 -Wall -c -fmessage-length=0 -o "src\\Controller.o" "..\\src\\Controller.c" 
..\src\Controller.c: In function 'controller_saveAsText':
..\src\Controller.c:113:50: warning: format '%s' expects argument of type 'char *', but argument 7 has type 'int' [-Wformat=]
                 if(fprintf(file, "%d,%s,%s,%.2f,%s\n",
                                                  ^
gcc -O0 -g3 -Wall -c -fmessage-length=0 -o "src\\Parser.o" "..\\src\\Parser.c" 
gcc -O0 -g3 -Wall -c -fmessage-length=0 -o "src\\main.o" "..\\src\\main.c" 
gcc -o SegundoParcial.exe "src\\Controller.o" "src\\LinkedList.o" "src\\Menu.o" "src\\Parser.o" "src\\book.o" "src\\main.o" "src\\utn.o" 
12:58:39 **** Incremental Build of configuration Debug for project SegundoParcial ****
Info: Internal Builder is used for build
gcc -O0 -g3 -Wall -c -fmessage-length=0 -o "src\\Parser.o" "..\\src\\Parser.c" 
..\src\Parser.c: In function 'parser_BookFromText':
..\src\Parser.c:31:22: error: assignment to expression with array type
            buffer[4] = 1;
                      ^
..\src\Parser.c:35:22: error: assignment to expression with array type
            buffer[4] = 2;
                      ^
..\src\Parser.c:39:19: error: assignment to expression with array type
         buffer[4] =3;
                   ^
..\src\Parser.c:43:18: error: assignment to expression with array type
         buffer[4]= 4;
                  ^
..\src\Parser.c:47:19: error: assignment to expression with array type
         buffer[4] = 5;
                   ^
..\src\Parser.c:51:19: error: assignment to expression with array type
         buffer[4] = 6;
                   ^
13:02:58 **** Incremental Build of configuration Debug for project SegundoParcial ****
Info: Internal Builder is used for build
gcc -O0 -g3 -Wall -c -fmessage-length=0 -o "src\\book.o" "..\\src\\book.c" 
..\src\book.c: In function 'eBook_newParametros':
..\src\book.c:30:32: warning: passing argument 2 of 'eBook_setEditorial' makes pointer from integer without a cast [-Wint-conversion]
      !eBook_setEditorial(this, atoi(editorial)))
                                ^~~~
In file included from ..\src\book.c:1:0:
..\src\book.h:47:5: note: expected 'char *' but argument is of type 'int'
 int eBook_setEditorial(eBook* this,char* editorial);
     ^~~~~~~~~~~~~~~~~~
..\src\book.c: At top level:
..\src\book.c:133:5: error: conflicting types for 'eBook_setEditorial'
 int eBook_setEditorial(eBook* this,int editorial)
     ^~~~~~~~~~~~~~~~~~
In file included from ..\src\book.c:1:0:
..\src\book.h:47:5: note: previous declaration of 'eBook_setEditorial' was here
 int eBook_setEditorial(eBook* this,char* editorial);
     ^~~~~~~~~~~~~~~~~~
..\src\book.c: In function 'eBook_setEditorial':
..\src\book.c:137:34: warning: comparison between pointer and integer
     if(this != NULL && editorial != NULL)
                                  ^~
..\src\book.c: At top level:
..\src\book.c:145:5: error: conflicting types for 'eBook_getEditorial'
 int eBook_getEditorial(eBook* this,int* editorial)
     ^~~~~~~~~~~~~~~~~~
In file included from ..\src\book.c:1:0:
..\src\book.h:48:5: note: previous declaration of 'eBook_getEditorial' was here
 int eBook_getEditorial(eBook* this,char* editorial);
     ^~~~~~~~~~~~~~~~~~
..\src\book.c: In function 'eBook_getEditorial':
..\src\book.c:151:9: error: invalid type argument of unary '*' (have 'int')
         *this->editorial = editorial;
         ^~~~~~~~~~~~~~~~
..\src\book.c: In function 'calcularMonto':
..\src\book.c:215:28: warning: passing argument 2 of 'eBook_getEditorial' from incompatible pointer type [-Wincompatible-pointer-types]
   eBook_getEditorial(this, editorial);
                            ^~~~~~~~~
..\src\book.c:145:5: note: expected 'int *' but argument is of type 'char *'
 int eBook_getEditorial(eBook* this,int* editorial)
     ^~~~~~~~~~~~~~~~~~
13:03:22 **** Incremental Build of configuration Debug for project SegundoParcial ****
Info: Internal Builder is used for build
gcc -O0 -g3 -Wall -c -fmessage-length=0 -o "src\\book.o" "..\\src\\book.c" 
..\src\book.c: In function 'eBook_newParametros':
..\src\book.c:30:32: warning: passing argument 2 of 'eBook_setEditorial' makes pointer from integer without a cast [-Wint-conversion]
      !eBook_setEditorial(this, atoi(editorial)))
                                ^~~~
In file included from ..\src\book.c:1:0:
..\src\book.h:47:5: note: expected 'char *' but argument is of type 'int'
 int eBook_setEditorial(eBook* this,char* editorial);
     ^~~~~~~~~~~~~~~~~~
..\src\book.c: At top level:
..\src\book.c:133:5: error: conflicting types for 'eBook_setEditorial'
 int eBook_setEditorial(eBook* this,int editorial)
     ^~~~~~~~~~~~~~~~~~
In file included from ..\src\book.c:1:0:
..\src\book.h:47:5: note: previous declaration of 'eBook_setEditorial' was here
 int eBook_setEditorial(eBook* this,char* editorial);
     ^~~~~~~~~~~~~~~~~~
..\src\book.c:145:5: error: conflicting types for 'eBook_getEditorial'
 int eBook_getEditorial(eBook* this,int* editorial)
     ^~~~~~~~~~~~~~~~~~
In file included from ..\src\book.c:1:0:
..\src\book.h:48:5: note: previous declaration of 'eBook_getEditorial' was here
 int eBook_getEditorial(eBook* this,char* editorial);
     ^~~~~~~~~~~~~~~~~~
..\src\book.c: In function 'eBook_getEditorial':
..\src\book.c:149:34: error: expected ')' before numeric constant
     if(this != NULL && editorial 0)
                                  ^
..\src\book.c:151:9: error: invalid type argument of unary '*' (have 'int')
         *this->editorial = editorial;
         ^~~~~~~~~~~~~~~~
..\src\book.c: In function 'calcularMonto':
..\src\book.c:215:28: warning: passing argument 2 of 'eBook_getEditorial' from incompatible pointer type [-Wincompatible-pointer-types]
   eBook_getEditorial(this, editorial);
                            ^~~~~~~~~
..\src\book.c:145:5: note: expected 'int *' but argument is of type 'char *'
 int eBook_getEditorial(eBook* this,int* editorial)
     ^~~~~~~~~~~~~~~~~~
13:03:33 **** Incremental Build of configuration Debug for project SegundoParcial ****
Info: Internal Builder is used for build
gcc -O0 -g3 -Wall -c -fmessage-length=0 -o "src\\Parser.o" "..\\src\\Parser.c" 
gcc -O0 -g3 -Wall -c -fmessage-length=0 -o "src\\book.o" "..\\src\\book.c" 
..\src\book.c: In function 'eBook_newParametros':
..\src\book.c:30:32: warning: passing argument 2 of 'eBook_setEditorial' makes pointer from integer without a cast [-Wint-conversion]
      !eBook_setEditorial(this, atoi(editorial)))
                                ^~~~
In file included from ..\src\book.c:1:0:
..\src\book.h:47:5: note: expected 'char *' but argument is of type 'int'
 int eBook_setEditorial(eBook* this,char* editorial);
     ^~~~~~~~~~~~~~~~~~
..\src\book.c: At top level:
..\src\book.c:133:5: error: conflicting types for 'eBook_setEditorial'
 int eBook_setEditorial(eBook* this,int editorial)
     ^~~~~~~~~~~~~~~~~~
In file included from ..\src\book.c:1:0:
..\src\book.h:47:5: note: previous declaration of 'eBook_setEditorial' was here
 int eBook_setEditorial(eBook* this,char* editorial);
     ^~~~~~~~~~~~~~~~~~
..\src\book.c:145:5: error: conflicting types for 'eBook_getEditorial'
 int eBook_getEditorial(eBook* this,int* editorial)
     ^~~~~~~~~~~~~~~~~~
In file included from ..\src\book.c:1:0:
..\src\book.h:48:5: note: previous declaration of 'eBook_getEditorial' was here
 int eBook_getEditorial(eBook* this,char* editorial);
     ^~~~~~~~~~~~~~~~~~
..\src\book.c: In function 'eBook_getEditorial':
..\src\book.c:151:9: error: invalid type argument of unary '*' (have 'int')
         *this->editorial = editorial;
         ^~~~~~~~~~~~~~~~
..\src\book.c: In function 'calcularMonto':
..\src\book.c:215:28: warning: passing argument 2 of 'eBook_getEditorial' from incompatible pointer type [-Wincompatible-pointer-types]
   eBook_getEditorial(this, editorial);
                            ^~~~~~~~~
..\src\book.c:145:5: note: expected 'int *' but argument is of type 'char *'
 int eBook_getEditorial(eBook* this,int* editorial)
     ^~~~~~~~~~~~~~~~~~
13:04:05 **** Incremental Build of configuration Debug for project SegundoParcial ****
Info: Internal Builder is used for build
gcc -O0 -g3 -Wall -c -fmessage-length=0 -o "src\\Parser.o" "..\\src\\Parser.c" 
gcc -O0 -g3 -Wall -c -fmessage-length=0 -o "src\\main.o" "..\\src\\main.c" 
gcc -O0 -g3 -Wall -c -fmessage-length=0 -o "src\\Controller.o" "..\\src\\Controller.c" 
..\src\Controller.c: In function 'controller_ListBooks':
..\src\Controller.c:58:40: warning: passing argument 2 of 'eBook_getEditorial' from incompatible pointer type [-Wincompatible-pointer-types]
          eBook_getEditorial(pAuxBooks, editorial);
                                        ^~~~~~~~~
In file included from ..\src\Parser.h:11:0,
                 from ..\src\Controller.h:11,
                 from ..\src\Controller.c:1:
..\src\book.h:48:5: note: expected 'int *' but argument is of type 'char *'
 int eBook_getEditorial(eBook* this,int* editorial);
     ^~~~~~~~~~~~~~~~~~
..\src\Controller.c: In function 'controller_saveAsText':
..\src\Controller.c:113:50: warning: format '%s' expects argument of type 'char *', but argument 7 has type 'int' [-Wformat=]
                 if(fprintf(file, "%d,%s,%s,%.2f,%s\n",
                                                  ^
gcc -O0 -g3 -Wall -c -fmessage-length=0 -o "src\\book.o" "..\\src\\book.c" 
..\src\book.c: In function 'eBook_getEditorial':
..\src\book.c:151:9: error: invalid type argument of unary '*' (have 'int')
         *this->editorial = editorial;
         ^~~~~~~~~~~~~~~~
..\src\book.c: In function 'calcularMonto':
..\src\book.c:215:28: warning: passing argument 2 of 'eBook_getEditorial' from incompatible pointer type [-Wincompatible-pointer-types]
   eBook_getEditorial(this, editorial);
                            ^~~~~~~~~
..\src\book.c:145:5: note: expected 'int *' but argument is of type 'char *'
 int eBook_getEditorial(eBook* this,int* editorial)
     ^~~~~~~~~~~~~~~~~~
13:05:43 **** Incremental Build of configuration Debug for project SegundoParcial ****
Info: Internal Builder is used for build
gcc -O0 -g3 -Wall -c -fmessage-length=0 -o "src\\book.o" "..\\src\\book.c" 
..\src\book.c: In function 'eBook_getEditorial':
..\src\book.c:151:9: error: invalid type argument of unary '*' (have 'int')
         *this->editorial = editorial;
         ^~~~~~~~~~~~~~~~
..\src\book.c: In function 'calcularMonto':
..\src\book.c:215:28: warning: passing argument 2 of 'eBook_getEditorial' from incompatible pointer type [-Wincompatible-pointer-types]
   eBook_getEditorial(this, editorial);
                            ^~~~~~~~~
..\src\book.c:145:5: note: expected 'int *' but argument is of type 'char *'
 int eBook_getEditorial(eBook* this,int* editorial)
     ^~~~~~~~~~~~~~~~~~
13:06:38 **** Incremental Build of configuration Debug for project SegundoParcial ****
Info: Internal Builder is used for build
gcc -O0 -g3 -Wall -c -fmessage-length=0 -o "src\\book.o" "..\\src\\book.c" 
..\src\book.c: In function 'calcularMonto':
..\src\book.c:215:28: warning: passing argument 2 of 'eBook_getEditorial' from incompatible pointer type [-Wincompatible-pointer-types]
   eBook_getEditorial(this, editorial);
                            ^~~~~~~~~
..\src\book.c:145:5: note: expected 'int *' but argument is of type 'char *'
 int eBook_getEditorial(eBook* this,int* editorial)
     ^~~~~~~~~~~~~~~~~~
gcc -o SegundoParcial.exe "src\\Controller.o" "src\\LinkedList.o" "src\\Menu.o" "src\\Parser.o" "src\\book.o" "src\\main.o" "src\\utn.o" 
13:15:12 **** Incremental Build of configuration Debug for project SegundoParcial ****
Info: Internal Builder is used for build
gcc -O0 -g3 -Wall -c -fmessage-length=0 -o "src\\Controller.o" "..\\src\\Controller.c" 
..\src\Controller.c: In function 'controller_ListBooks':
..\src\Controller.c:65:47: warning: passing argument 2 of 'eBook_getEditorialId' makes pointer from integer without a cast [-Wint-conversion]
           eBook_getEditorialId (pAuxEditorial,editorialId,editorial);
                                               ^~~~~~~~~~~
In file included from ..\src\Parser.h:11:0,
                 from ..\src\Controller.h:11,
                 from ..\src\Controller.c:1:
..\src\book.h:52:5: note: expected 'int *' but argument is of type 'int'
 int eBook_getEditorialId (eEditorial* arrayEditorial,int* editorialId,char* editorial);
     ^~~~~~~~~~~~~~~~~~~~
..\src\Controller.c: In function 'controller_saveAsText':
..\src\Controller.c:121:50: warning: format '%s' expects argument of type 'char *', but argument 7 has type 'int' [-Wformat=]
                 if(fprintf(file, "%d,%s,%s,%.2f,%s\n",
                                                  ^
gcc -O0 -g3 -Wall -c -fmessage-length=0 -o "src\\book.o" "..\\src\\book.c" 
..\src\book.c:170:5: error: conflicting types for 'eBook_getEditorialId'
 int eBook_getEditorialId (eEditorial* arrayEditorial,int editorialId,char* detalleEditorial)
     ^~~~~~~~~~~~~~~~~~~~
In file included from ..\src\book.c:1:0:
..\src\book.h:52:5: note: previous declaration of 'eBook_getEditorialId' was here
 int eBook_getEditorialId (eEditorial* arrayEditorial,int* editorialId,char* editorial);
     ^~~~~~~~~~~~~~~~~~~~
..\src\book.c: In function 'eBook_getEditorialId':
..\src\book.c:175:32: warning: comparison between pointer and integer
   if(arrayEditorial->editorial == editorialId)
                                ^~
13:50:26 **** Incremental Build of configuration Debug for project SegundoParcial ****
Info: Internal Builder is used for build
gcc -O0 -g3 -Wall -c -fmessage-length=0 -o "src\\book.o" "..\\src\\book.c" 
..\src\book.c:170:5: error: conflicting types for 'eBook_getEditorialId'
 int eBook_getEditorialId (eEditorial* arrayEditorial,int editorialId,char* detalleEditorial)
     ^~~~~~~~~~~~~~~~~~~~
In file included from ..\src\book.c:1:0:
..\src\book.h:52:5: note: previous declaration of 'eBook_getEditorialId' was here
 int eBook_getEditorialId (eEditorial* arrayEditorial,int* editorialId,char* editorial);
     ^~~~~~~~~~~~~~~~~~~~
..\src\book.c: In function 'eBook_getEditorialId':
..\src\book.c:175:32: warning: comparison between pointer and integer
   if(arrayEditorial->editorial == editorialId)
                                ^~
14:07:23 **** Incremental Build of configuration Debug for project SegundoParcial ****
Info: Internal Builder is used for build
gcc -O0 -g3 -Wall -c -fmessage-length=0 -o "src\\Controller.o" "..\\src\\Controller.c" 
..\src\Controller.c: In function 'controller_ListBooks':
..\src\Controller.c:65:47: warning: passing argument 2 of 'eBook_getEditorialId' makes pointer from integer without a cast [-Wint-conversion]
           eBook_getEditorialId (pAuxEditorial,editorialId,editorial);
                                               ^~~~~~~~~~~
In file included from ..\src\Parser.h:11:0,
                 from ..\src\Controller.h:11,
                 from ..\src\Controller.c:1:
..\src\book.h:52:5: note: expected 'int *' but argument is of type 'int'
 int eBook_getEditorialId (eEditorial* arrayEditorial,int* editorialId,char* editorial);
     ^~~~~~~~~~~~~~~~~~~~
..\src\Controller.c: In function 'controller_saveAsText':
..\src\Controller.c:121:50: warning: format '%s' expects argument of type 'char *', but argument 7 has type 'int' [-Wformat=]
                 if(fprintf(file, "%d,%s,%s,%.2f,%s\n",
                                                  ^
gcc -O0 -g3 -Wall -c -fmessage-length=0 -o "src\\main.o" "..\\src\\main.c" 
gcc -O0 -g3 -Wall -c -fmessage-length=0 -o "src\\Parser.o" "..\\src\\Parser.c" 
gcc -O0 -g3 -Wall -c -fmessage-length=0 -o "src\\book.o" "..\\src\\book.c" 
..\src\book.c:170:5: error: conflicting types for 'eBook_getEditorialId'
 int eBook_getEditorialId (eEditorial* arrayEditorial,int editorialId,char* detalleEditorial)
     ^~~~~~~~~~~~~~~~~~~~
In file included from ..\src\book.c:1:0:
..\src\book.h:52:5: note: previous declaration of 'eBook_getEditorialId' was here
 int eBook_getEditorialId (eEditorial* arrayEditorial,int* editorialId,char* editorial);
     ^~~~~~~~~~~~~~~~~~~~
..\src\book.c: In function 'eBook_getEditorialId':
..\src\book.c:175:20: error: 'eEditorial {aka struct <anonymous>}' has no member named 'editorialId'; did you mean 'editorial'?
   if(arrayEditorial->editorialId == editorialId)
                    ^~
14:14:19 **** Incremental Build of configuration Debug for project SegundoParcial ****
Info: Internal Builder is used for build
gcc -O0 -g3 -Wall -c -fmessage-length=0 -o "src\\Controller.o" "..\\src\\Controller.c" 
..\src\Controller.c: In function 'controller_saveAsText':
..\src\Controller.c:121:50: warning: format '%s' expects argument of type 'char *', but argument 7 has type 'int' [-Wformat=]
                 if(fprintf(file, "%d,%s,%s,%.2f,%s\n",
                                                  ^
gcc -O0 -g3 -Wall -c -fmessage-length=0 -o "src\\main.o" "..\\src\\main.c" 
gcc -O0 -g3 -Wall -c -fmessage-length=0 -o "src\\Parser.o" "..\\src\\Parser.c" 
gcc -O0 -g3 -Wall -c -fmessage-length=0 -o "src\\book.o" "..\\src\\book.c" 
..\src\book.c: In function 'eBook_getEditorialId':
..\src\book.c:175:20: error: 'eEditorial {aka struct <anonymous>}' has no member named 'editorialId'; did you mean 'editorial'?
   if(arrayEditorial->editorialId == editorialId)
                    ^~
14:14:37 **** Incremental Build of configuration Debug for project SegundoParcial ****
Info: Internal Builder is used for build
gcc -O0 -g3 -Wall -c -fmessage-length=0 -o "src\\book.o" "..\\src\\book.c" 
..\src\book.c: In function 'eBook_getEditorialId':
..\src\book.c:175:20: error: 'eEditorial {aka struct <anonymous>}' has no member named 'editorialId'; did you mean 'editorial'?
   if(arrayEditorial->editorialId == editorialId)
                    ^~
14:15:22 **** Incremental Build of configuration Debug for project SegundoParcial ****
Info: Internal Builder is used for build
gcc -O0 -g3 -Wall -c -fmessage-length=0 -o "src\\book.o" "..\\src\\book.c" 
gcc -O0 -g3 -Wall -c -fmessage-length=0 -o "src\\Controller.o" "..\\src\\Controller.c" 
..\src\Controller.c: In function 'controller_saveAsText':
..\src\Controller.c:121:50: warning: format '%s' expects argument of type 'char *', but argument 7 has type 'int' [-Wformat=]
                 if(fprintf(file, "%d,%s,%s,%.2f,%s\n",
                                                  ^
gcc -O0 -g3 -Wall -c -fmessage-length=0 -o "src\\Parser.o" "..\\src\\Parser.c" 
gcc -O0 -g3 -Wall -c -fmessage-length=0 -o "src\\main.o" "..\\src\\main.c" 
gcc -o SegundoParcial.exe "src\\Controller.o" "src\\LinkedList.o" "src\\Menu.o" "src\\Parser.o" "src\\book.o" "src\\main.o" "src\\utn.o" 
14:15:39 **** Incremental Build of configuration Debug for project SegundoParcial ****
Info: Internal Builder is used for build
gcc -O0 -g3 -Wall -c -fmessage-length=0 -o "src\\Controller.o" "..\\src\\Controller.c" 
gcc -o SegundoParcial.exe "src\\Controller.o" "src\\LinkedList.o" "src\\Menu.o" "src\\Parser.o" "src\\book.o" "src\\main.o" "src\\utn.o" 
Info: Nothing to build for SegundoParcial
14:23:22 **** Incremental Build of configuration Debug for project SegundoParcial ****
Info: Internal Builder is used for build
gcc -O0 -g3 -Wall -c -fmessage-length=0 -o "src\\Controller.o" "..\\src\\Controller.c" 
gcc -o SegundoParcial.exe "src\\Controller.o" "src\\LinkedList.o" "src\\Menu.o" "src\\Parser.o" "src\\book.o" "src\\main.o" "src\\utn.o" 
c:/mingw/bin/../lib/gcc/mingw32/6.3.0/../../../../mingw32/bin/ld.exe: cannot open output file SegundoParcial.exe: Permission denied
collect2.exe: error: ld returned 1 exit status
14:23:28 **** Incremental Build of configuration Debug for project SegundoParcial ****
Info: Internal Builder is used for build
gcc -o SegundoParcial.exe "src\\Controller.o" "src\\LinkedList.o" "src\\Menu.o" "src\\Parser.o" "src\\book.o" "src\\main.o" "src\\utn.o" 
Info: Nothing to build for SegundoParcial
14:25:31 **** Incremental Build of configuration Debug for project SegundoParcial ****
Info: Internal Builder is used for build
gcc -O0 -g3 -Wall -c -fmessage-length=0 -o "src\\Parser.o" "..\\src\\Parser.c" 
gcc -o SegundoParcial.exe "src\\Controller.o" "src\\LinkedList.o" "src\\Menu.o" "src\\Parser.o" "src\\book.o" "src\\main.o" "src\\utn.o" 
Info: Nothing to build for SegundoParcial
14:26:07 **** Incremental Build of configuration Debug for project SegundoParcial ****
Info: Internal Builder is used for build
gcc -O0 -g3 -Wall -c -fmessage-length=0 -o "src\\Controller.o" "..\\src\\Controller.c" 
gcc -o SegundoParcial.exe "src\\Controller.o" "src\\LinkedList.o" "src\\Menu.o" "src\\Parser.o" "src\\book.o" "src\\main.o" "src\\utn.o" 
Info: Nothing to build for SegundoParcial
Info: Nothing to build for SegundoParcial
Info: Nothing to build for SegundoParcial
14:41:45 **** Incremental Build of configuration Debug for project SegundoParcial ****
Info: Internal Builder is used for build
gcc -O0 -g3 -Wall -c -fmessage-length=0 -o "src\\Parser.o" "..\\src\\Parser.c" 
gcc -O0 -g3 -Wall -c -fmessage-length=0 -o "src\\book.o" "..\\src\\book.c" 
gcc -o SegundoParcial.exe "src\\Controller.o" "src\\LinkedList.o" "src\\Menu.o" "src\\Parser.o" "src\\book.o" "src\\main.o" "src\\utn.o" 
c:/mingw/bin/../lib/gcc/mingw32/6.3.0/../../../../mingw32/bin/ld.exe: cannot open output file SegundoParcial.exe: Permission denied
collect2.exe: error: ld returned 1 exit status
14:42:08 **** Incremental Build of configuration Debug for project SegundoParcial ****
Info: Internal Builder is used for build
gcc -o SegundoParcial.exe "src\\Controller.o" "src\\LinkedList.o" "src\\Menu.o" "src\\Parser.o" "src\\book.o" "src\\main.o" "src\\utn.o" 
Info: Nothing to build for SegundoParcial
14:43:16 **** Incremental Build of configuration Debug for project SegundoParcial ****
Info: Internal Builder is used for build
gcc -O0 -g3 -Wall -c -fmessage-length=0 -o "src\\book.o" "..\\src\\book.c" 
gcc -O0 -g3 -Wall -c -fmessage-length=0 -o "src\\Parser.o" "..\\src\\Parser.c" 
gcc -o SegundoParcial.exe "src\\Controller.o" "src\\LinkedList.o" "src\\Menu.o" "src\\Parser.o" "src\\book.o" "src\\main.o" "src\\utn.o" 
c:/mingw/bin/../lib/gcc/mingw32/6.3.0/../../../../mingw32/bin/ld.exe: cannot open output file SegundoParcial.exe: Permission denied
collect2.exe: error: ld returned 1 exit status
14:43:19 **** Incremental Build of configuration Debug for project SegundoParcial ****
Info: Internal Builder is used for build
gcc -o SegundoParcial.exe "src\\Controller.o" "src\\LinkedList.o" "src\\Menu.o" "src\\Parser.o" "src\\book.o" "src\\main.o" "src\\utn.o" 
Info: Nothing to build for SegundoParcial
Info: Nothing to build for SegundoParcial
Info: Nothing to build for SegundoParcial
14:49:22 **** Incremental Build of configuration Debug for project SegundoParcial ****
Info: Internal Builder is used for build
gcc -O0 -g3 -Wall -c -fmessage-length=0 -o "src\\Controller.o" "..\\src\\Controller.c" 
gcc -O0 -g3 -Wall -c -fmessage-length=0 -o "src\\main.o" "..\\src\\main.c" 
gcc -O0 -g3 -Wall -c -fmessage-length=0 -o "src\\Parser.o" "..\\src\\Parser.c" 
gcc -O0 -g3 -Wall -c -fmessage-length=0 -o "src\\book.o" "..\\src\\book.c" 
gcc -o SegundoParcial.exe "src\\Controller.o" "src\\LinkedList.o" "src\\Menu.o" "src\\Parser.o" "src\\book.o" "src\\main.o" "src\\utn.o" 
c:/mingw/bin/../lib/gcc/mingw32/6.3.0/../../../../mingw32/bin/ld.exe: cannot open output file SegundoParcial.exe: Permission denied
collect2.exe: error: ld returned 1 exit status
14:49:27 **** Incremental Build of configuration Debug for project SegundoParcial ****
Info: Internal Builder is used for build
gcc -o SegundoParcial.exe "src\\Controller.o" "src\\LinkedList.o" "src\\Menu.o" "src\\Parser.o" "src\\book.o" "src\\main.o" "src\\utn.o" 
Info: Nothing to build for SegundoParcial
Info: Nothing to build for SegundoParcial
Info: Nothing to build for SegundoParcial
Info: Nothing to build for SegundoParcial
15:00:47 **** Incremental Build of configuration Debug for project SegundoParcial ****
Info: Internal Builder is used for build
gcc -O0 -g3 -Wall -c -fmessage-length=0 -o "src\\Controller.o" "..\\src\\Controller.c" 
gcc -o SegundoParcial.exe "src\\Controller.o" "src\\LinkedList.o" "src\\Menu.o" "src\\Parser.o" "src\\book.o" "src\\main.o" "src\\utn.o" 
Info: Nothing to build for SegundoParcial
Info: Nothing to build for SegundoParcial
Info: Nothing to build for SegundoParcial
15:22:56 **** Incremental Build of configuration Debug for project SegundoParcial ****
Info: Internal Builder is used for build
gcc -O0 -g3 -Wall -c -fmessage-length=0 -o "src\\Controller.o" "..\\src\\Controller.c" 
gcc -o SegundoParcial.exe "src\\Controller.o" "src\\LinkedList.o" "src\\Menu.o" "src\\Parser.o" "src\\book.o" "src\\main.o" "src\\utn.o" 
Info: Nothing to build for SegundoParcial
15:27:11 **** Incremental Build of configuration Debug for project SegundoParcial ****
Info: Internal Builder is used for build
gcc -O0 -g3 -Wall -c -fmessage-length=0 -o "src\\book.o" "..\\src\\book.c" 
gcc -o SegundoParcial.exe "src\\Controller.o" "src\\LinkedList.o" "src\\Menu.o" "src\\Parser.o" "src\\book.o" "src\\main.o" "src\\utn.o" 
Info: Nothing to build for SegundoParcial
15:30:48 **** Incremental Build of configuration Debug for project SegundoParcial ****
Info: Internal Builder is used for build
gcc -O0 -g3 -Wall -c -fmessage-length=0 -o "src\\book.o" "..\\src\\book.c" 
..\src\book.c: In function 'eBook_getEditorialId':
..\src\book.c:181:37: error: assignment to expression with array type
    arrayEditorial->editorialDetalle = detalleEditorial;
                                     ^
15:31:24 **** Incremental Build of configuration Debug for project SegundoParcial ****
Info: Internal Builder is used for build
gcc -O0 -g3 -Wall -c -fmessage-length=0 -o "src\\book.o" "..\\src\\book.c" 
gcc -O0 -g3 -Wall -c -fmessage-length=0 -o "src\\Controller.o" "..\\src\\Controller.c" 
gcc -o SegundoParcial.exe "src\\Controller.o" "src\\LinkedList.o" "src\\Menu.o" "src\\Parser.o" "src\\book.o" "src\\main.o" "src\\utn.o" 
c:/mingw/bin/../lib/gcc/mingw32/6.3.0/../../../../mingw32/bin/ld.exe: cannot open output file SegundoParcial.exe: Permission denied
collect2.exe: error: ld returned 1 exit status
15:31:28 **** Incremental Build of configuration Debug for project SegundoParcial ****
Info: Internal Builder is used for build
gcc -o SegundoParcial.exe "src\\Controller.o" "src\\LinkedList.o" "src\\Menu.o" "src\\Parser.o" "src\\book.o" "src\\main.o" "src\\utn.o" 
Info: Nothing to build for SegundoParcial
15:33:13 **** Incremental Build of configuration Debug for project SegundoParcial ****
Info: Internal Builder is used for build
gcc -O0 -g3 -Wall -c -fmessage-length=0 -o "src\\book.o" "..\\src\\book.c" 
gcc -o SegundoParcial.exe "src\\Controller.o" "src\\LinkedList.o" "src\\Menu.o" "src\\Parser.o" "src\\book.o" "src\\main.o" "src\\utn.o" 
Info: Nothing to build for SegundoParcial
15:34:53 **** Incremental Build of configuration Debug for project SegundoParcial ****
Info: Internal Builder is used for build
gcc -O0 -g3 -Wall -c -fmessage-length=0 -o "src\\book.o" "..\\src\\book.c" 
gcc -o SegundoParcial.exe "src\\Controller.o" "src\\LinkedList.o" "src\\Menu.o" "src\\Parser.o" "src\\book.o" "src\\main.o" "src\\utn.o" 
Info: Nothing to build for SegundoParcial
15:36:01 **** Incremental Build of configuration Debug for project SegundoParcial ****
Info: Internal Builder is used for build
gcc -O0 -g3 -Wall -c -fmessage-length=0 -o "src\\book.o" "..\\src\\book.c" 
gcc -o SegundoParcial.exe "src\\Controller.o" "src\\LinkedList.o" "src\\Menu.o" "src\\Parser.o" "src\\book.o" "src\\main.o" "src\\utn.o" 
Info: Nothing to build for SegundoParcial
15:37:41 **** Incremental Build of configuration Debug for project SegundoParcial ****
Info: Internal Builder is used for build
gcc -O0 -g3 -Wall -c -fmessage-length=0 -o "src\\book.o" "..\\src\\book.c" 
gcc -O0 -g3 -Wall -c -fmessage-length=0 -o "src\\Controller.o" "..\\src\\Controller.c" 
gcc -o SegundoParcial.exe "src\\Controller.o" "src\\LinkedList.o" "src\\Menu.o" "src\\Parser.o" "src\\book.o" "src\\main.o" "src\\utn.o" 
Info: Nothing to build for SegundoParcial
20:05:42 **** Incremental Build of configuration Debug for project SegundoParcial ****
Info: Internal Builder is used for build
gcc -O0 -g3 -Wall -c -fmessage-length=0 -o "src\\Controller.o" "..\\src\\Controller.c" 
gcc -O0 -g3 -Wall -c -fmessage-length=0 -o "src\\utn.o" "..\\src\\utn.c" 
gcc -O0 -g3 -Wall -c -fmessage-length=0 -o "src\\LinkedList.o" "..\\src\\LinkedList.c" 
gcc -O0 -g3 -Wall -c -fmessage-length=0 -o "src\\book.o" "..\\src\\book.c" 
gcc -O0 -g3 -Wall -c -fmessage-length=0 -o "src\\main.o" "..\\src\\main.c" 
gcc -O0 -g3 -Wall -c -fmessage-length=0 -o "src\\Menu.o" "..\\src\\Menu.c" 
gcc -O0 -g3 -Wall -c -fmessage-length=0 -o "src\\Parser.o" "..\\src\\Parser.c" 
gcc -o SegundoParcial.exe "src\\Controller.o" "src\\LinkedList.o" "src\\Menu.o" "src\\Parser.o" "src\\book.o" "src\\main.o" "src\\utn.o" 
Info: Nothing to build for SegundoParcial
20:09:01 **** Incremental Build of configuration Debug for project SegundoParcial ****
Info: Internal Builder is used for build
gcc -O0 -g3 -Wall -c -fmessage-length=0 -o "src\\main.o" "..\\src\\main.c" 
gcc -O0 -g3 -Wall -c -fmessage-length=0 -o "src\\Parser.o" "..\\src\\Parser.c" 
gcc -O0 -g3 -Wall -c -fmessage-length=0 -o "src\\Controller.o" "..\\src\\Controller.c" 
..\src\Controller.c: In function 'controller_ListBooks':
..\src\Controller.c:42:17: warning: unused variable 'pAuxEditorial' [-Wunused-variable]
     eEditorial* pAuxEditorial = NULL;
                 ^~~~~~~~~~~~~
..\src\Controller.c:31:9: warning: unused variable 'j' [-Wunused-variable]
     int j;
         ^
gcc -O0 -g3 -Wall -c -fmessage-length=0 -o "src\\book.o" "..\\src\\book.c" 
gcc -o SegundoParcial.exe "src\\Controller.o" "src\\LinkedList.o" "src\\Menu.o" "src\\Parser.o" "src\\book.o" "src\\main.o" "src\\utn.o" 
Info: Nothing to build for SegundoParcial
20:53:04 **** Incremental Build of configuration Debug for project SegundoParcial ****
Info: Internal Builder is used for build
gcc -O0 -g3 -Wall -c -fmessage-length=0 -o "src\\Parser.o" "..\\src\\Parser.c" 
..\src\Parser.c: In function 'parser_BookFromText':
..\src\Parser.c:13:5: error: unknown type name 'eBook'
     eBook* pAuxBook = NULL;
     ^~~~~
..\src\Parser.c:59:22: warning: implicit declaration of function 'eBook_newParametros' [-Wimplicit-function-declaration]
           pAuxBook = eBook_newParametros(buffer[0], buffer[1], buffer[2], buffer[3],buffer[4]);
                      ^~~~~~~~~~~~~~~~~~~
..\src\Parser.c:59:20: warning: assignment makes pointer from integer without a cast [-Wint-conversion]
           pAuxBook = eBook_newParametros(buffer[0], buffer[1], buffer[2], buffer[3],buffer[4]);
                    ^
..\src\Parser.c:61:64: error: 'eBook' undeclared (first use in this function)
                 if(pAuxBook != NULL && ll_add(pArrayListBook, (eBook*)pAuxBook) == 0)
                                                                ^~~~~
..\src\Parser.c:61:64: note: each undeclared identifier is reported only once for each function it appears in
..\src\Parser.c:61:70: error: expected expression before ')' token
                 if(pAuxBook != NULL && ll_add(pArrayListBook, (eBook*)pAuxBook) == 0)
                                                                      ^
20:53:44 **** Incremental Build of configuration Debug for project SegundoParcial ****
Info: Internal Builder is used for build
gcc -O0 -g3 -Wall -c -fmessage-length=0 -o "src\\libro.o" "..\\src\\libro.c" 
gcc -O0 -g3 -Wall -c -fmessage-length=0 -o "src\\Parser.o" "..\\src\\Parser.c" 
gcc -O0 -g3 -Wall -c -fmessage-length=0 -o "src\\Controller.o" "..\\src\\Controller.c" 
..\src\Controller.c: In function 'controller_ListBooks':
..\src\Controller.c:42:17: warning: unused variable 'pAuxEditorial' [-Wunused-variable]
     eEditorial* pAuxEditorial = NULL;
                 ^~~~~~~~~~~~~
..\src\Controller.c:31:9: warning: unused variable 'j' [-Wunused-variable]
     int j;
         ^
gcc -O0 -g3 -Wall -c -fmessage-length=0 -o "src\\main.o" "..\\src\\main.c" 
gcc -o SegundoParcial.exe "src\\Controller.o" "src\\LinkedList.o" "src\\Menu.o" "src\\Parser.o" "src\\libro.o" "src\\main.o" "src\\utn.o" 
Info: Nothing to build for SegundoParcial
20:56:09 **** Incremental Build of configuration Debug for project SegundoParcial ****
Info: Internal Builder is used for build
gcc -O0 -g3 -Wall -c -fmessage-length=0 -o "src\\Controller.o" "..\\src\\Controller.c" 
gcc -o SegundoParcial.exe "src\\Controller.o" "src\\LinkedList.o" "src\\Menu.o" "src\\Parser.o" "src\\libro.o" "src\\main.o" "src\\utn.o" 
Info: Nothing to build for SegundoParcial
21:01:06 **** Incremental Build of configuration Debug for project SegundoParcial ****
Info: Internal Builder is used for build
gcc -O0 -g3 -Wall -c -fmessage-length=0 -o "src\\libro.o" "..\\src\\libro.c" 
..\src\libro.c: In function 'eLibro_getEditorialId':
..\src\libro.c:180:29: warning: passing argument 2 of 'eLibro_getEditorial' makes pointer from integer without a cast [-Wint-conversion]
   eLibro_getEditorial(this, auxId);
                             ^~~~~
..\src\libro.c:145:5: note: expected 'int *' but argument is of type 'int'
 int eLibro_getEditorial(eLibro* this,int* editorial)
     ^~~~~~~~~~~~~~~~~~~
..\src\libro.c:180:3: warning: 'auxId' may be used uninitialized in this function [-Wmaybe-uninitialized]
   eLibro_getEditorial(this, auxId);
   ^~~~~~~~~~~~~~~~~~~~~~~~~~~~~~~~
gcc -O0 -g3 -Wall -c -fmessage-length=0 -o "src\\Controller.o" "..\\src\\Controller.c" 
gcc -o SegundoParcial.exe "src\\Controller.o" "src\\LinkedList.o" "src\\Menu.o" "src\\Parser.o" "src\\libro.o" "src\\main.o" "src\\utn.o" 
21:01:54 **** Incremental Build of configuration Debug for project SegundoParcial ****
Info: Internal Builder is used for build
gcc -O0 -g3 -Wall -c -fmessage-length=0 -o "src\\libro.o" "..\\src\\libro.c" 
gcc -o SegundoParcial.exe "src\\Controller.o" "src\\LinkedList.o" "src\\Menu.o" "src\\Parser.o" "src\\libro.o" "src\\main.o" "src\\utn.o" 
Info: Nothing to build for SegundoParcial
21:04:59 **** Incremental Build of configuration Debug for project SegundoParcial ****
Info: Internal Builder is used for build
gcc -O0 -g3 -Wall -c -fmessage-length=0 -o "src\\Controller.o" "..\\src\\Controller.c" 
gcc -O0 -g3 -Wall -c -fmessage-length=0 -o "src\\libro.o" "..\\src\\libro.c" 
gcc -O0 -g3 -Wall -c -fmessage-length=0 -o "src\\Parser.o" "..\\src\\Parser.c" 
gcc -o SegundoParcial.exe "src\\Controller.o" "src\\LinkedList.o" "src\\Menu.o" "src\\Parser.o" "src\\libro.o" "src\\main.o" "src\\utn.o" 
Info: Nothing to build for SegundoParcial
08:00:32 **** Rebuild of configuration Debug for project SegundoParcial ****
Info: Internal Builder is used for build
gcc -O0 -g3 -Wall -c -fmessage-length=0 -o "src\\Controller.o" "..\\src\\Controller.c" 
gcc -O0 -g3 -Wall -c -fmessage-length=0 -o "src\\Menu.o" "..\\src\\Menu.c" 
gcc -O0 -g3 -Wall -c -fmessage-length=0 -o "src\\LinkedList.o" "..\\src\\LinkedList.c" 
gcc -O0 -g3 -Wall -c -fmessage-length=0 -o "src\\Parser.o" "..\\src\\Parser.c" 
gcc -O0 -g3 -Wall -c -fmessage-length=0 -o "src\\libro.o" "..\\src\\libro.c" 
gcc -O0 -g3 -Wall -c -fmessage-length=0 -o "src\\utn.o" "..\\src\\utn.c" 
gcc -O0 -g3 -Wall -c -fmessage-length=0 -o "src\\main.o" "..\\src\\main.c" 
gcc -o SegundoParcial.exe "src\\Controller.o" "src\\LinkedList.o" "src\\Menu.o" "src\\Parser.o" "src\\libro.o" "src\\main.o" "src\\utn.o" 
Info: Nothing to build for SegundoParcial
08:04:24 **** Incremental Build of configuration Debug for project SegundoParcial ****
Info: Internal Builder is used for build
gcc -O0 -g3 -Wall -c -fmessage-length=0 -o "src\\libro.o" "..\\src\\libro.c" 
gcc -o SegundoParcial.exe "src\\Controller.o" "src\\LinkedList.o" "src\\Menu.o" "src\\Parser.o" "src\\libro.o" "src\\main.o" "src\\utn.o" 
Info: Nothing to build for SegundoParcial
08:04:51 **** Incremental Build of configuration Debug for project SegundoParcial ****
Info: Internal Builder is used for build
gcc -O0 -g3 -Wall -c -fmessage-length=0 -o "src\\libro.o" "..\\src\\libro.c" 
gcc -o SegundoParcial.exe "src\\Controller.o" "src\\LinkedList.o" "src\\Menu.o" "src\\Parser.o" "src\\libro.o" "src\\main.o" "src\\utn.o" 
Info: Nothing to build for SegundoParcial
08:16:17 **** Incremental Build of configuration Debug for project SegundoParcial ****
Info: Internal Builder is used for build
gcc -O0 -g3 -Wall -c -fmessage-length=0 -o "src\\libro.o" "..\\src\\libro.c" 
..\src\libro.c: In function 'eLibro_setAutor':
..\src\libro.c:94:9: error: too few arguments to function 'isValidNombre'
      if(isValidNombre(autor)==0)
         ^~~~~~~~~~~~~
In file included from ..\src\libro.h:14:0,
                 from ..\src\libro.c:1:
..\src\utn.h:118:5: note: declared here
 int isValidNombre(char* cadena,int longitud);
     ^~~~~~~~~~~~~
08:16:35 **** Incremental Build of configuration Debug for project SegundoParcial ****
Info: Internal Builder is used for build
gcc -O0 -g3 -Wall -c -fmessage-length=0 -o "src\\libro.o" "..\\src\\libro.c" 
gcc -O0 -g3 -Wall -c -fmessage-length=0 -o "src\\utn.o" "..\\src\\utn.c" 
gcc -o SegundoParcial.exe "src\\Controller.o" "src\\LinkedList.o" "src\\Menu.o" "src\\Parser.o" "src\\libro.o" "src\\main.o" "src\\utn.o" 
c:/mingw/bin/../lib/gcc/mingw32/6.3.0/../../../../mingw32/bin/ld.exe: cannot open output file SegundoParcial.exe: Permission denied
collect2.exe: error: ld returned 1 exit status
08:16:38 **** Incremental Build of configuration Debug for project SegundoParcial ****
Info: Internal Builder is used for build
gcc -o SegundoParcial.exe "src\\Controller.o" "src\\LinkedList.o" "src\\Menu.o" "src\\Parser.o" "src\\libro.o" "src\\main.o" "src\\utn.o" 
Info: Nothing to build for SegundoParcial
08:17:43 **** Incremental Build of configuration Debug for project SegundoParcial ****
Info: Internal Builder is used for build
gcc -O0 -g3 -Wall -c -fmessage-length=0 -o "src\\utn.o" "..\\src\\utn.c" 
gcc -o SegundoParcial.exe "src\\Controller.o" "src\\LinkedList.o" "src\\Menu.o" "src\\Parser.o" "src\\libro.o" "src\\main.o" "src\\utn.o" 
Info: Nothing to build for SegundoParcial
08:23:56 **** Incremental Build of configuration Debug for project SegundoParcial ****
Info: Internal Builder is used for build
gcc -O0 -g3 -Wall -c -fmessage-length=0 -o "src\\utn.o" "..\\src\\utn.c" 
..\src\utn.c: In function 'validar':
..\src\utn.c:295:21: warning: passing argument 1 of 'isdigit' makes integer from pointer without a cast [-Wint-conversion]
         if( isdigit(num) )
                     ^~~
In file included from ..\src\utn.c:1:0:
c:\mingw\include\ctype.h:73:38: note: expected 'int' but argument is of type 'int *'
 _CRTIMP __cdecl __MINGW_NOTHROW  int isdigit(int);
                                      ^~~~~~~
gcc -O0 -g3 -Wall -c -fmessage-length=0 -o "src\\Menu.o" "..\\src\\Menu.c" 
gcc -O0 -g3 -Wall -c -fmessage-length=0 -o "src\\Parser.o" "..\\src\\Parser.c" 
gcc -O0 -g3 -Wall -c -fmessage-length=0 -o "src\\main.o" "..\\src\\main.c" 
gcc -O0 -g3 -Wall -c -fmessage-length=0 -o "src\\Controller.o" "..\\src\\Controller.c" 
gcc -O0 -g3 -Wall -c -fmessage-length=0 -o "src\\libro.o" "..\\src\\libro.c" 
gcc -o SegundoParcial.exe "src\\Controller.o" "src\\LinkedList.o" "src\\Menu.o" "src\\Parser.o" "src\\libro.o" "src\\main.o" "src\\utn.o" 
08:24:04 **** Incremental Build of configuration Debug for project SegundoParcial ****
Info: Internal Builder is used for build
gcc -O0 -g3 -Wall -c -fmessage-length=0 -o "src\\utn.o" "..\\src\\utn.c" 
gcc -o SegundoParcial.exe "src\\Controller.o" "src\\LinkedList.o" "src\\Menu.o" "src\\Parser.o" "src\\libro.o" "src\\main.o" "src\\utn.o" 
Info: Nothing to build for SegundoParcial
08:26:06 **** Incremental Build of configuration Debug for project SegundoParcial ****
Info: Internal Builder is used for build
gcc -O0 -g3 -Wall -c -fmessage-length=0 -o "src\\main.o" "..\\src\\main.c" 
gcc -O0 -g3 -Wall -c -fmessage-length=0 -o "src\\Parser.o" "..\\src\\Parser.c" 
gcc -O0 -g3 -Wall -c -fmessage-length=0 -o "src\\Menu.o" "..\\src\\Menu.c" 
gcc -O0 -g3 -Wall -c -fmessage-length=0 -o "src\\libro.o" "..\\src\\libro.c" 
gcc -O0 -g3 -Wall -c -fmessage-length=0 -o "src\\Controller.o" "..\\src\\Controller.c" 
gcc -O0 -g3 -Wall -c -fmessage-length=0 -o "src\\utn.o" "..\\src\\utn.c" 
gcc -o SegundoParcial.exe "src\\Controller.o" "src\\LinkedList.o" "src\\Menu.o" "src\\Parser.o" "src\\libro.o" "src\\main.o" "src\\utn.o" 
Info: Nothing to build for SegundoParcial
09:00:20 **** Incremental Build of configuration Debug for project SegundoParcial ****
Info: Internal Builder is used for build
gcc -O0 -g3 -Wall -c -fmessage-length=0 -o "src\\libro.o" "..\\src\\libro.c" 
gcc -o SegundoParcial.exe "src\\Controller.o" "src\\LinkedList.o" "src\\Menu.o" "src\\Parser.o" "src\\libro.o" "src\\main.o" "src\\utn.o" 
Info: Nothing to build for SegundoParcial
09:01:09 **** Incremental Build of configuration Debug for project SegundoParcial ****
Info: Internal Builder is used for build
gcc -O0 -g3 -Wall -c -fmessage-length=0 -o "src\\utn.o" "..\\src\\utn.c" 
gcc -O0 -g3 -Wall -c -fmessage-length=0 -o "src\\libro.o" "..\\src\\libro.c" 
gcc -o SegundoParcial.exe "src\\Controller.o" "src\\LinkedList.o" "src\\Menu.o" "src\\Parser.o" "src\\libro.o" "src\\main.o" "src\\utn.o" 
src\libro.o: In function `eLibro_setId':
C:\Users\operador\Desktop\Juan Presupuestos\segundoParcial_Laboratorio1\SegundoParcial\Debug/../src/libro.c:45: undefined reference to `validar'
collect2.exe: error: ld returned 1 exit status
09:01:12 **** Incremental Build of configuration Debug for project SegundoParcial ****
Info: Internal Builder is used for build
gcc -o SegundoParcial.exe "src\\Controller.o" "src\\LinkedList.o" "src\\Menu.o" "src\\Parser.o" "src\\libro.o" "src\\main.o" "src\\utn.o" 
src\libro.o: In function `eLibro_setId':
C:\Users\operador\Desktop\Juan Presupuestos\segundoParcial_Laboratorio1\SegundoParcial\Debug/../src/libro.c:45: undefined reference to `validar'
collect2.exe: error: ld returned 1 exit status
09:01:22 **** Incremental Build of configuration Debug for project SegundoParcial ****
Info: Internal Builder is used for build
gcc -O0 -g3 -Wall -c -fmessage-length=0 -o "src\\utn.o" "..\\src\\utn.c" 
gcc -o SegundoParcial.exe "src\\Controller.o" "src\\LinkedList.o" "src\\Menu.o" "src\\Parser.o" "src\\libro.o" "src\\main.o" "src\\utn.o" 
Info: Nothing to build for SegundoParcial
09:02:28 **** Incremental Build of configuration Debug for project SegundoParcial ****
Info: Internal Builder is used for build
gcc -O0 -g3 -Wall -c -fmessage-length=0 -o "src\\utn.o" "..\\src\\utn.c" 
gcc -O0 -g3 -Wall -c -fmessage-length=0 -o "src\\libro.o" "..\\src\\libro.c" 
gcc -o SegundoParcial.exe "src\\Controller.o" "src\\LinkedList.o" "src\\Menu.o" "src\\Parser.o" "src\\libro.o" "src\\main.o" "src\\utn.o" 
Info: Nothing to build for SegundoParcial
09:03:00 **** Incremental Build of configuration Debug for project SegundoParcial ****
Info: Internal Builder is used for build
gcc -O0 -g3 -Wall -c -fmessage-length=0 -o "src\\libro.o" "..\\src\\libro.c" 
gcc -o SegundoParcial.exe "src\\Controller.o" "src\\LinkedList.o" "src\\Menu.o" "src\\Parser.o" "src\\libro.o" "src\\main.o" "src\\utn.o" 
09:04:05 **** Incremental Build of configuration Debug for project SegundoParcial ****
Info: Internal Builder is used for build
gcc -O0 -g3 -Wall -c -fmessage-length=0 -o "src\\libro.o" "..\\src\\libro.c" 
gcc -o SegundoParcial.exe "src\\Controller.o" "src\\LinkedList.o" "src\\Menu.o" "src\\Parser.o" "src\\libro.o" "src\\main.o" "src\\utn.o" 
Info: Nothing to build for SegundoParcial
09:14:49 **** Incremental Build of configuration Debug for project SegundoParcial ****
Info: Internal Builder is used for build
gcc -O0 -g3 -Wall -c -fmessage-length=0 -o "src\\Menu.o" "..\\src\\Menu.c" 
gcc -O0 -g3 -Wall -c -fmessage-length=0 -o "src\\libro.o" "..\\src\\libro.c" 
..\src\libro.c: In function 'eLibro_getEditorial':
..\src\libro.c:151:56: warning: passing argument 1 of 'validarEntero' makes integer from pointer without a cast [-Wint-conversion]
     if(this != NULL && editorial != 0 && validarEntero(editorial)== 0)
                                                        ^~~~~~~~~
In file included from ..\src\libro.h:14:0,
                 from ..\src\libro.c:1:
..\src\utn.h:4:5: note: expected 'int' but argument is of type 'int *'
 int validarEntero(int num);
     ^~~~~~~~~~~~~
gcc -O0 -g3 -Wall -c -fmessage-length=0 -o "src\\Parser.o" "..\\src\\Parser.c" 
gcc -O0 -g3 -Wall -c -fmessage-length=0 -o "src\\utn.o" "..\\src\\utn.c" 
gcc -O0 -g3 -Wall -c -fmessage-length=0 -o "src\\Controller.o" "..\\src\\Controller.c" 
gcc -O0 -g3 -Wall -c -fmessage-length=0 -o "src\\main.o" "..\\src\\main.c" 
gcc -o SegundoParcial.exe "src\\Controller.o" "src\\LinkedList.o" "src\\Menu.o" "src\\Parser.o" "src\\libro.o" "src\\main.o" "src\\utn.o" 
09:15:16 **** Incremental Build of configuration Debug for project SegundoParcial ****
Info: Internal Builder is used for build
gcc -O0 -g3 -Wall -c -fmessage-length=0 -o "src\\libro.o" "..\\src\\libro.c" 
gcc -o SegundoParcial.exe "src\\Controller.o" "src\\LinkedList.o" "src\\Menu.o" "src\\Parser.o" "src\\libro.o" "src\\main.o" "src\\utn.o" 
09:17:29 **** Incremental Build of configuration Debug for project SegundoParcial ****
Info: Internal Builder is used for build
gcc -O0 -g3 -Wall -c -fmessage-length=0 -o "src\\utn.o" "..\\src\\utn.c" 
gcc -O0 -g3 -Wall -c -fmessage-length=0 -o "src\\Parser.o" "..\\src\\Parser.c" 
gcc -O0 -g3 -Wall -c -fmessage-length=0 -o "src\\main.o" "..\\src\\main.c" 
gcc -O0 -g3 -Wall -c -fmessage-length=0 -o "src\\Menu.o" "..\\src\\Menu.c" 
gcc -O0 -g3 -Wall -c -fmessage-length=0 -o "src\\Controller.o" "..\\src\\Controller.c" 
gcc -O0 -g3 -Wall -c -fmessage-length=0 -o "src\\libro.o" "..\\src\\libro.c" 
gcc -o SegundoParcial.exe "src\\Controller.o" "src\\LinkedList.o" "src\\Menu.o" "src\\Parser.o" "src\\libro.o" "src\\main.o" "src\\utn.o" 
Info: Nothing to build for SegundoParcial
09:20:28 **** Incremental Build of configuration Debug for project SegundoParcial ****
Info: Internal Builder is used for build
gcc -O0 -g3 -Wall -c -fmessage-length=0 -o "src\\libro.o" "..\\src\\libro.c" 
gcc -O0 -g3 -Wall -c -fmessage-length=0 -o "src\\Menu.o" "..\\src\\Menu.c" 
gcc -O0 -g3 -Wall -c -fmessage-length=0 -o "src\\Parser.o" "..\\src\\Parser.c" 
gcc -O0 -g3 -Wall -c -fmessage-length=0 -o "src\\Controller.o" "..\\src\\Controller.c" 
gcc -O0 -g3 -Wall -c -fmessage-length=0 -o "src\\main.o" "..\\src\\main.c" 
gcc -O0 -g3 -Wall -c -fmessage-length=0 -o "src\\utn.o" "..\\src\\utn.c" 
gcc -o SegundoParcial.exe "src\\Controller.o" "src\\LinkedList.o" "src\\Menu.o" "src\\Parser.o" "src\\libro.o" "src\\main.o" "src\\utn.o" 
Info: Nothing to build for SegundoParcial
09:25:12 **** Incremental Build of configuration Debug for project SegundoParcial ****
Info: Internal Builder is used for build
gcc -O0 -g3 -Wall -c -fmessage-length=0 -o "src\\utn.o" "..\\src\\utn.c" 
gcc -O0 -g3 -Wall -c -fmessage-length=0 -o "src\\libro.o" "..\\src\\libro.c" 
gcc -o SegundoParcial.exe "src\\Controller.o" "src\\LinkedList.o" "src\\Menu.o" "src\\Parser.o" "src\\libro.o" "src\\main.o" "src\\utn.o" 
Info: Nothing to build for SegundoParcial
09:36:45 **** Incremental Build of configuration Debug for project SegundoParcial ****
Info: Internal Builder is used for build
gcc -O0 -g3 -Wall -c -fmessage-length=0 -o "src\\Parser.o" "..\\src\\Parser.c" 
gcc -O0 -g3 -Wall -c -fmessage-length=0 -o "src\\main.o" "..\\src\\main.c" 
gcc -O0 -g3 -Wall -c -fmessage-length=0 -o "src\\utn.o" "..\\src\\utn.c" 
gcc -O0 -g3 -Wall -c -fmessage-length=0 -o "src\\libro.o" "..\\src\\libro.c" 
gcc -O0 -g3 -Wall -c -fmessage-length=0 -o "src\\Menu.o" "..\\src\\Menu.c" 
gcc -O0 -g3 -Wall -c -fmessage-length=0 -o "src\\Controller.o" "..\\src\\Controller.c" 
gcc -o SegundoParcial.exe "src\\Controller.o" "src\\LinkedList.o" "src\\Menu.o" "src\\Parser.o" "src\\libro.o" "src\\main.o" "src\\utn.o" 
Info: Nothing to build for SegundoParcial
10:28:59 **** Incremental Build of configuration Debug for project SegundoParcial ****
Info: Internal Builder is used for build
gcc -O0 -g3 -Wall -c -fmessage-length=0 -o "src\\utn.o" "..\\src\\utn.c" 
gcc -O0 -g3 -Wall -c -fmessage-length=0 -o "src\\Menu.o" "..\\src\\Menu.c" 
gcc -O0 -g3 -Wall -c -fmessage-length=0 -o "src\\Controller.o" "..\\src\\Controller.c" 
gcc -O0 -g3 -Wall -c -fmessage-length=0 -o "src\\libro.o" "..\\src\\libro.c" 
gcc -O0 -g3 -Wall -c -fmessage-length=0 -o "src\\main.o" "..\\src\\main.c" 
gcc -O0 -g3 -Wall -c -fmessage-length=0 -o "src\\Parser.o" "..\\src\\Parser.c" 
gcc -o SegundoParcial.exe "src\\Controller.o" "src\\LinkedList.o" "src\\Menu.o" "src\\Parser.o" "src\\libro.o" "src\\main.o" "src\\utn.o" 
Info: Nothing to build for SegundoParcial
10:35:34 **** Incremental Build of configuration Debug for project SegundoParcial ****
Info: Internal Builder is used for build
gcc -O0 -g3 -Wall -c -fmessage-length=0 -o "src\\libro.o" "..\\src\\libro.c" 
gcc -O0 -g3 -Wall -c -fmessage-length=0 -o "src\\Parser.o" "..\\src\\Parser.c" 
gcc -O0 -g3 -Wall -c -fmessage-length=0 -o "src\\Controller.o" "..\\src\\Controller.c" 
gcc -O0 -g3 -Wall -c -fmessage-length=0 -o "src\\main.o" "..\\src\\main.c" 
..\src\main.c: In function 'main':
..\src\main.c:61:36: error: 'calcularMonto' undeclared (first use in this function)
             if(ll_map(listaLibros, calcularMonto)==0)
                                    ^~~~~~~~~~~~~
..\src\main.c:61:36: note: each undeclared identifier is reported only once for each function it appears in
10:36:06 **** Incremental Build of configuration Debug for project SegundoParcial ****
Info: Internal Builder is used for build
gcc -O0 -g3 -Wall -c -fmessage-length=0 -o "src\\main.o" "..\\src\\main.c" 
gcc -o SegundoParcial.exe "src\\Controller.o" "src\\LinkedList.o" "src\\Menu.o" "src\\Parser.o" "src\\libro.o" "src\\main.o" "src\\utn.o" 
Info: Nothing to build for SegundoParcial
